2023-11-18 14:24:32,108 : WARN  : comm-pool-thread-2 :  : Node : Excel Reader : 3:1 : Please specify a file
2023-11-18 14:25:40,724 : WARN  : comm-pool-thread-2 :  : Node : Excel Reader : 3:1 : Please specify a file
2023-11-18 14:27:23,929 : ERROR : AWT-EventQueue-0 :  : ExcelTableWriterNodeDialog : Excel Writer : 3:2 : Could not get sheet names!
java.nio.file.AccessDeniedException: C:\Users\Saryf
	at java.base/sun.nio.fs.WindowsException.translateToIOException(Unknown Source)
	at java.base/sun.nio.fs.WindowsException.rethrowAsIOException(Unknown Source)
	at java.base/sun.nio.fs.WindowsException.rethrowAsIOException(Unknown Source)
	at java.base/sun.nio.fs.WindowsFileSystemProvider.newByteChannel(Unknown Source)
	at org.knime.filehandling.core.fs.local.fs.LocalFileSystemProvider.newByteChannel(LocalFileSystemProvider.java:148)
	at java.base/java.nio.file.Files.newByteChannel(Unknown Source)
	at java.base/java.nio.file.Files.newByteChannel(Unknown Source)
	at java.base/java.nio.file.spi.FileSystemProvider.newInputStream(Unknown Source)
	at java.base/java.nio.file.Files.newInputStream(Unknown Source)
	at org.knime.ext.poi3.node.io.filehandling.excel.writer.ExcelTableWriterNodeDialog$SheetUpdater.readXLSXSheets(ExcelTableWriterNodeDialog.java:525)
	at org.knime.ext.poi3.node.io.filehandling.excel.writer.ExcelTableWriterNodeDialog$SheetUpdater.doInBackgroundWithContext(ExcelTableWriterNodeDialog.java:516)
	at org.knime.ext.poi3.node.io.filehandling.excel.writer.ExcelTableWriterNodeDialog$SheetUpdater.doInBackgroundWithContext(ExcelTableWriterNodeDialog.java:1)
	at org.knime.core.util.SwingWorkerWithContext.doInBackground(SwingWorkerWithContext.java:106)
	at java.desktop/javax.swing.SwingWorker$1.call(Unknown Source)
	at java.base/java.util.concurrent.FutureTask.run(Unknown Source)
	at java.desktop/javax.swing.SwingWorker.run(Unknown Source)
	at java.base/java.util.concurrent.ThreadPoolExecutor.runWorker(Unknown Source)
	at java.base/java.util.concurrent.ThreadPoolExecutor$Worker.run(Unknown Source)
	at java.base/java.lang.Thread.run(Unknown Source)
2023-11-18 14:28:33,841 : WARN  : comm-pool-thread-4 :  : Node : CSV Reader : 3:3 : Please specify a file
2023-11-18 14:28:54,904 : ERROR : comm-pool-thread-4 :  : InitialDataService :  :  : {"internalError":{"typeName":"com.fasterxml.jackson.databind.JsonMappingException","message":"(was java.util.ConcurrentModificationException) (through reference chain: org.knime.core.webui.node.view.table.data.TableViewInitialDataImpl[\"dataTypes\"])","stackTrace":["com.fasterxml.jackson.databind.JsonMappingException.wrapWithPath(JsonMappingException.java:392)","com.fasterxml.jackson.databind.JsonMappingException.wrapWithPath(JsonMappingException.java:351)","com.fasterxml.jackson.databind.ser.std.StdSerializer.wrapAndThrow(StdSerializer.java:316)","com.fasterxml.jackson.databind.ser.std.BeanSerializerBase.serializeFields(BeanSerializerBase.java:782)","com.fasterxml.jackson.databind.ser.BeanSerializer.serialize(BeanSerializer.java:178)","com.fasterxml.jackson.databind.ser.DefaultSerializerProvider._serialize(DefaultSerializerProvider.java:480)","com.fasterxml.jackson.databind.ser.DefaultSerializerProvider.serializeValue(DefaultSerializerProvider.java:319)","com.fasterxml.jackson.databind.ObjectMapper._writeValueAndClose(ObjectMapper.java:4568)","com.fasterxml.jackson.databind.ObjectMapper.writeValueAsString(ObjectMapper.java:3821)","org.knime.core.webui.node.dialog.defaultdialog.DefaultNodeSettingsSerializer.serialize(DefaultNodeSettingsSerializer.java:76)","org.knime.core.webui.data.InitialDataService.getInitialData(InitialDataService.java:115)","org.knime.core.webui.node.AbstractNodeUIManager.callInitialDataService(AbstractNodeUIManager.java:170)","org.knime.gateway.api.entity.NodeUIExtensionEnt.<init>(NodeUIExtensionEnt.java:118)","org.knime.gateway.api.entity.NodeUIExtensionEnt.<init>(NodeUIExtensionEnt.java:88)","org.knime.gateway.api.entity.PortViewEnt.<init>(PortViewEnt.java:67)","org.knime.gateway.impl.webui.service.DefaultPortService.getPortView(DefaultPortService.java:129)","org.knime.gateway.impl.webui.jsonrpc.service.JsonRpcPortServiceWrapper.getPortView(JsonRpcPortServiceWrapper.java:100)","java.base/jdk.internal.reflect.NativeMethodAccessorImpl.invoke0(Native Method)","java.base/jdk.internal.reflect.NativeMethodAccessorImpl.invoke(Unknown Source)","java.base/jdk.internal.reflect.DelegatingMethodAccessorImpl.invoke(Unknown Source)","java.base/java.lang.reflect.Method.invoke(Unknown Source)","com.googlecode.jsonrpc4j.JsonRpcBasicServer.invoke(JsonRpcBasicServer.java:478)","com.googlecode.jsonrpc4j.JsonRpcBasicServer.handleObject(JsonRpcBasicServer.java:349)","com.googlecode.jsonrpc4j.JsonRpcBasicServer.handleJsonNodeRequest(JsonRpcBasicServer.java:274)","com.googlecode.jsonrpc4j.JsonRpcBasicServer.handleRequest(JsonRpcBasicServer.java:242)","org.knime.gateway.impl.jsonrpc.JsonRpcRequestHandler.handle(JsonRpcRequestHandler.java:104)","org.knime.ui.java.browser.lifecycle.Init.lambda$5(Init.java:243)","com.equo.comm.common.MessageHandler.processReceivedEventMessage(MessageHandler.java:131)","com.equo.comm.ee.provider.service.ChromiumService.receiveMessage(ChromiumService.java:98)","com.equo.comm.ee.provider.CommunicationManagerChromiumImpl.receiveMessage(CommunicationManagerChromiumImpl.java:48)","com.equo.chromium.swt.internal.spi.CommRouterHandler.handleRequest(CommRouterHandler.java:47)","com.equo.chromium.swt.internal.spi.CommRouterHandler.lambda$1(CommRouterHandler.java:65)","java.base/java.util.concurrent.ThreadPoolExecutor.runWorker(Unknown Source)","java.base/java.util.concurrent.ThreadPoolExecutor$Worker.run(Unknown Source)","java.base/java.lang.Thread.run(Unknown Source)"]}}
2023-11-18 14:31:13,009 : WARN  : main :  : WrappedNodeDialog : Rule-based Row Filter : 3:4 : failed to apply settings: line 5, col 32: Expected a number, string, column, a table property or flow variable reference.
org.knime.core.node.InvalidSettingsException: line 5, col 32: Expected a number, string, column, a table property or flow variable reference.
	at org.knime.base.node.rules.engine.RulePanel.saveSettings(RulePanel.java:571)
	at org.knime.base.node.rules.engine.RuleEngineNodeDialog.saveSettingsTo(RuleEngineNodeDialog.java:114)
	at org.knime.core.node.NodeDialogPane.internalSaveSettingsTo(NodeDialogPane.java:539)
	at org.knime.core.node.NodeDialogPane$4.run(NodeDialogPane.java:778)
	at org.knime.core.node.util.ViewUtils$3.run(ViewUtils.java:353)
	at org.knime.core.node.util.ViewUtils$2.run(ViewUtils.java:155)
	at java.desktop/java.awt.event.InvocationEvent.dispatch(Unknown Source)
	at java.desktop/java.awt.EventQueue.dispatchEventImpl(Unknown Source)
	at java.desktop/java.awt.EventQueue$4.run(Unknown Source)
	at java.desktop/java.awt.EventQueue$4.run(Unknown Source)
	at java.base/java.security.AccessController.doPrivileged(Unknown Source)
	at java.base/java.security.ProtectionDomain$JavaSecurityAccessImpl.doIntersectionPrivilege(Unknown Source)
	at java.desktop/java.awt.EventQueue.dispatchEvent(Unknown Source)
	at java.desktop/java.awt.EventDispatchThread.pumpOneEventForFilters(Unknown Source)
	at java.desktop/java.awt.EventDispatchThread.pumpEventsForFilter(Unknown Source)
	at java.desktop/java.awt.EventDispatchThread.pumpEventsForHierarchy(Unknown Source)
	at java.desktop/java.awt.EventDispatchThread.pumpEvents(Unknown Source)
	at java.desktop/java.awt.EventDispatchThread.pumpEvents(Unknown Source)
	at java.desktop/java.awt.EventDispatchThread.run(Unknown Source)
Caused by: java.text.ParseException: line 5, col 32: Expected a number, string, column, a table property or flow variable reference.
	at org.knime.base.node.rules.engine.BaseRuleParser.parseOperand(BaseRuleParser.java:1060)
	at org.knime.base.node.rules.engine.BaseRuleParser.handleRelationRightOperand(BaseRuleParser.java:920)
	at org.knime.base.node.rules.engine.BaseRuleParser.parseRelation(BaseRuleParser.java:857)
	at org.knime.base.node.rules.engine.BaseRuleParser.parseRootBooleanExpression(BaseRuleParser.java:757)
	at org.knime.base.node.rules.engine.BaseRuleParser.parseAndExpression(BaseRuleParser.java:717)
	at org.knime.base.node.rules.engine.BaseRuleParser.parseXorExpression(BaseRuleParser.java:689)
	at org.knime.base.node.rules.engine.BaseRuleParser.parseOrExpression(BaseRuleParser.java:666)
	at org.knime.base.node.rules.engine.BaseRuleParser.parseBooleanExpression(BaseRuleParser.java:654)
	at org.knime.base.node.rules.engine.SimpleRuleParser.parseCondition(SimpleRuleParser.java:278)
	at org.knime.base.node.rules.engine.SimpleRuleParser.parse(SimpleRuleParser.java:230)
	at org.knime.base.node.rules.engine.RuleFactory.parse(RuleFactory.java:191)
	at org.knime.base.node.rules.engine.RulePanel.computeRules(RulePanel.java:468)
	at org.knime.base.node.rules.engine.RulePanel.computeRules(RulePanel.java:496)
	at org.knime.base.node.rules.engine.RulePanel.computeRules(RulePanel.java:507)
	at org.knime.base.node.rules.engine.RulePanel.saveSettings(RulePanel.java:569)
	... 18 more
2023-11-18 14:31:29,086 : WARN  : main :  : WrappedNodeDialog : Rule-based Row Filter : 3:4 : failed to apply settings: line 5, col 32: Expected a number, string, column, a table property or flow variable reference.
org.knime.core.node.InvalidSettingsException: line 5, col 32: Expected a number, string, column, a table property or flow variable reference.
	at org.knime.base.node.rules.engine.RulePanel.saveSettings(RulePanel.java:571)
	at org.knime.base.node.rules.engine.RuleEngineNodeDialog.saveSettingsTo(RuleEngineNodeDialog.java:114)
	at org.knime.core.node.NodeDialogPane.internalSaveSettingsTo(NodeDialogPane.java:539)
	at org.knime.core.node.NodeDialogPane$4.run(NodeDialogPane.java:778)
	at org.knime.core.node.util.ViewUtils$3.run(ViewUtils.java:353)
	at org.knime.core.node.util.ViewUtils$2.run(ViewUtils.java:155)
	at java.desktop/java.awt.event.InvocationEvent.dispatch(Unknown Source)
	at java.desktop/java.awt.EventQueue.dispatchEventImpl(Unknown Source)
	at java.desktop/java.awt.EventQueue$4.run(Unknown Source)
	at java.desktop/java.awt.EventQueue$4.run(Unknown Source)
	at java.base/java.security.AccessController.doPrivileged(Unknown Source)
	at java.base/java.security.ProtectionDomain$JavaSecurityAccessImpl.doIntersectionPrivilege(Unknown Source)
	at java.desktop/java.awt.EventQueue.dispatchEvent(Unknown Source)
	at java.desktop/java.awt.EventDispatchThread.pumpOneEventForFilters(Unknown Source)
	at java.desktop/java.awt.EventDispatchThread.pumpEventsForFilter(Unknown Source)
	at java.desktop/java.awt.EventDispatchThread.pumpEventsForHierarchy(Unknown Source)
	at java.desktop/java.awt.EventDispatchThread.pumpEvents(Unknown Source)
	at java.desktop/java.awt.EventDispatchThread.pumpEvents(Unknown Source)
	at java.desktop/java.awt.EventDispatchThread.run(Unknown Source)
Caused by: java.text.ParseException: line 5, col 32: Expected a number, string, column, a table property or flow variable reference.
	at org.knime.base.node.rules.engine.BaseRuleParser.parseOperand(BaseRuleParser.java:1060)
	at org.knime.base.node.rules.engine.BaseRuleParser.handleRelationRightOperand(BaseRuleParser.java:920)
	at org.knime.base.node.rules.engine.BaseRuleParser.parseRelation(BaseRuleParser.java:857)
	at org.knime.base.node.rules.engine.BaseRuleParser.parseRootBooleanExpression(BaseRuleParser.java:757)
	at org.knime.base.node.rules.engine.BaseRuleParser.parseAndExpression(BaseRuleParser.java:717)
	at org.knime.base.node.rules.engine.BaseRuleParser.parseXorExpression(BaseRuleParser.java:689)
	at org.knime.base.node.rules.engine.BaseRuleParser.parseOrExpression(BaseRuleParser.java:666)
	at org.knime.base.node.rules.engine.BaseRuleParser.parseBooleanExpression(BaseRuleParser.java:654)
	at org.knime.base.node.rules.engine.SimpleRuleParser.parseCondition(SimpleRuleParser.java:278)
	at org.knime.base.node.rules.engine.SimpleRuleParser.parse(SimpleRuleParser.java:230)
	at org.knime.base.node.rules.engine.RuleFactory.parse(RuleFactory.java:191)
	at org.knime.base.node.rules.engine.RulePanel.computeRules(RulePanel.java:468)
	at org.knime.base.node.rules.engine.RulePanel.computeRules(RulePanel.java:496)
	at org.knime.base.node.rules.engine.RulePanel.computeRules(RulePanel.java:507)
	at org.knime.base.node.rules.engine.RulePanel.saveSettings(RulePanel.java:569)
	... 18 more
2023-11-18 14:31:36,101 : WARN  : main :  : WrappedNodeDialog : Rule-based Row Filter : 3:4 : failed to apply settings: line 5, col 32: Expected a number, string, column, a table property or flow variable reference.
org.knime.core.node.InvalidSettingsException: line 5, col 32: Expected a number, string, column, a table property or flow variable reference.
	at org.knime.base.node.rules.engine.RulePanel.saveSettings(RulePanel.java:571)
	at org.knime.base.node.rules.engine.RuleEngineNodeDialog.saveSettingsTo(RuleEngineNodeDialog.java:114)
	at org.knime.core.node.NodeDialogPane.internalSaveSettingsTo(NodeDialogPane.java:539)
	at org.knime.core.node.NodeDialogPane$4.run(NodeDialogPane.java:778)
	at org.knime.core.node.util.ViewUtils$3.run(ViewUtils.java:353)
	at org.knime.core.node.util.ViewUtils$2.run(ViewUtils.java:155)
	at java.desktop/java.awt.event.InvocationEvent.dispatch(Unknown Source)
	at java.desktop/java.awt.EventQueue.dispatchEventImpl(Unknown Source)
	at java.desktop/java.awt.EventQueue$4.run(Unknown Source)
	at java.desktop/java.awt.EventQueue$4.run(Unknown Source)
	at java.base/java.security.AccessController.doPrivileged(Unknown Source)
	at java.base/java.security.ProtectionDomain$JavaSecurityAccessImpl.doIntersectionPrivilege(Unknown Source)
	at java.desktop/java.awt.EventQueue.dispatchEvent(Unknown Source)
	at java.desktop/java.awt.EventDispatchThread.pumpOneEventForFilters(Unknown Source)
	at java.desktop/java.awt.EventDispatchThread.pumpEventsForFilter(Unknown Source)
	at java.desktop/java.awt.EventDispatchThread.pumpEventsForHierarchy(Unknown Source)
	at java.desktop/java.awt.EventDispatchThread.pumpEvents(Unknown Source)
	at java.desktop/java.awt.EventDispatchThread.pumpEvents(Unknown Source)
	at java.desktop/java.awt.EventDispatchThread.run(Unknown Source)
Caused by: java.text.ParseException: line 5, col 32: Expected a number, string, column, a table property or flow variable reference.
	at org.knime.base.node.rules.engine.BaseRuleParser.parseOperand(BaseRuleParser.java:1060)
	at org.knime.base.node.rules.engine.BaseRuleParser.handleRelationRightOperand(BaseRuleParser.java:920)
	at org.knime.base.node.rules.engine.BaseRuleParser.parseRelation(BaseRuleParser.java:857)
	at org.knime.base.node.rules.engine.BaseRuleParser.parseRootBooleanExpression(BaseRuleParser.java:757)
	at org.knime.base.node.rules.engine.BaseRuleParser.parseAndExpression(BaseRuleParser.java:717)
	at org.knime.base.node.rules.engine.BaseRuleParser.parseXorExpression(BaseRuleParser.java:689)
	at org.knime.base.node.rules.engine.BaseRuleParser.parseOrExpression(BaseRuleParser.java:666)
	at org.knime.base.node.rules.engine.BaseRuleParser.parseBooleanExpression(BaseRuleParser.java:654)
	at org.knime.base.node.rules.engine.SimpleRuleParser.parseCondition(SimpleRuleParser.java:278)
	at org.knime.base.node.rules.engine.SimpleRuleParser.parse(SimpleRuleParser.java:230)
	at org.knime.base.node.rules.engine.RuleFactory.parse(RuleFactory.java:191)
	at org.knime.base.node.rules.engine.RulePanel.computeRules(RulePanel.java:468)
	at org.knime.base.node.rules.engine.RulePanel.computeRules(RulePanel.java:496)
	at org.knime.base.node.rules.engine.RulePanel.computeRules(RulePanel.java:507)
	at org.knime.base.node.rules.engine.RulePanel.saveSettings(RulePanel.java:569)
	... 18 more
2023-11-18 14:31:46,164 : WARN  : main :  : WrappedNodeDialog : Rule-based Row Filter : 3:4 : failed to apply settings: line 5, col 32: Expected a number, string, column, a table property or flow variable reference.
org.knime.core.node.InvalidSettingsException: line 5, col 32: Expected a number, string, column, a table property or flow variable reference.
	at org.knime.base.node.rules.engine.RulePanel.saveSettings(RulePanel.java:571)
	at org.knime.base.node.rules.engine.RuleEngineNodeDialog.saveSettingsTo(RuleEngineNodeDialog.java:114)
	at org.knime.core.node.NodeDialogPane.internalSaveSettingsTo(NodeDialogPane.java:539)
	at org.knime.core.node.NodeDialogPane$4.run(NodeDialogPane.java:778)
	at org.knime.core.node.util.ViewUtils$3.run(ViewUtils.java:353)
	at org.knime.core.node.util.ViewUtils$2.run(ViewUtils.java:155)
	at java.desktop/java.awt.event.InvocationEvent.dispatch(Unknown Source)
	at java.desktop/java.awt.EventQueue.dispatchEventImpl(Unknown Source)
	at java.desktop/java.awt.EventQueue$4.run(Unknown Source)
	at java.desktop/java.awt.EventQueue$4.run(Unknown Source)
	at java.base/java.security.AccessController.doPrivileged(Unknown Source)
	at java.base/java.security.ProtectionDomain$JavaSecurityAccessImpl.doIntersectionPrivilege(Unknown Source)
	at java.desktop/java.awt.EventQueue.dispatchEvent(Unknown Source)
	at java.desktop/java.awt.EventDispatchThread.pumpOneEventForFilters(Unknown Source)
	at java.desktop/java.awt.EventDispatchThread.pumpEventsForFilter(Unknown Source)
	at java.desktop/java.awt.EventDispatchThread.pumpEventsForHierarchy(Unknown Source)
	at java.desktop/java.awt.EventDispatchThread.pumpEvents(Unknown Source)
	at java.desktop/java.awt.EventDispatchThread.pumpEvents(Unknown Source)
	at java.desktop/java.awt.EventDispatchThread.run(Unknown Source)
Caused by: java.text.ParseException: line 5, col 32: Expected a number, string, column, a table property or flow variable reference.
	at org.knime.base.node.rules.engine.BaseRuleParser.parseOperand(BaseRuleParser.java:1060)
	at org.knime.base.node.rules.engine.BaseRuleParser.handleRelationRightOperand(BaseRuleParser.java:920)
	at org.knime.base.node.rules.engine.BaseRuleParser.parseRelation(BaseRuleParser.java:857)
	at org.knime.base.node.rules.engine.BaseRuleParser.parseRootBooleanExpression(BaseRuleParser.java:757)
	at org.knime.base.node.rules.engine.BaseRuleParser.parseAndExpression(BaseRuleParser.java:717)
	at org.knime.base.node.rules.engine.BaseRuleParser.parseXorExpression(BaseRuleParser.java:689)
	at org.knime.base.node.rules.engine.BaseRuleParser.parseOrExpression(BaseRuleParser.java:666)
	at org.knime.base.node.rules.engine.BaseRuleParser.parseBooleanExpression(BaseRuleParser.java:654)
	at org.knime.base.node.rules.engine.SimpleRuleParser.parseCondition(SimpleRuleParser.java:278)
	at org.knime.base.node.rules.engine.SimpleRuleParser.parse(SimpleRuleParser.java:230)
	at org.knime.base.node.rules.engine.RuleFactory.parse(RuleFactory.java:191)
	at org.knime.base.node.rules.engine.RulePanel.computeRules(RulePanel.java:468)
	at org.knime.base.node.rules.engine.RulePanel.computeRules(RulePanel.java:496)
	at org.knime.base.node.rules.engine.RulePanel.computeRules(RulePanel.java:507)
	at org.knime.base.node.rules.engine.RulePanel.saveSettings(RulePanel.java:569)
	... 18 more
2023-11-18 14:38:25,132 : WARN  : comm-pool-thread-6 :  : Node : CSV Reader : 3:1 : Please specify a file
2023-11-18 14:45:01,698 : WARN  : comm-pool-thread-14 :  : Node : CSV Reader : 3:1 : Please specify a file
2023-11-18 14:50:13,220 : WARN  : comm-pool-thread-17 :  : Node : Microsoft SQL Server Connector : 3:5 : Database host is not defined.
2023-11-18 14:57:20,986 : WARN  : ModalContext :  : Node : Microsoft SQL Server Connector : 3:5 : Database host is not defined.
2023-11-18 14:57:20,991 : WARN  : ModalContext :  : Node : Microsoft SQL Server Connector : 3:5 : Database host is not defined.
2023-11-18 15:02:48,966 : WARN  : ModalContext :  : Node : Microsoft SQL Server Connector : 3:5 : Database host is not defined.
2023-11-18 15:02:49,255 : WARN  : ModalContext :  : Node : Microsoft SQL Server Connector : 3:5 : Database host is not defined.
2023-11-18 15:06:15,774 : WARN  : ModalContext :  : Node : Microsoft SQL Server Connector : 3:5 : Database host is not defined.
2023-11-18 15:06:15,855 : WARN  : ModalContext :  : Node : Microsoft SQL Server Connector : 3:5 : Database host is not defined.
2023-11-18 15:09:42,760 : WARN  : comm-pool-thread-4 :  : Node : Microsoft SQL Server Connector : 3:5 : Database host is not defined.
2023-11-18 15:09:58,046 : WARN  : KNIME-Worker-3-Microsoft SQL Server Connector 3:5 :  : Node : DB Writer : 3:6 : Configure node and enter a valid table name.
2023-11-18 15:10:44,051 : WARN  : SwingWorker-pool-7-thread-5 :  : ManagedConnection : DB Writer : 3:6 : 14 statements have not been closed before the closure of the managed connection.
2023-11-18 15:12:38,925 : ERROR : KNIME-Worker-4-DB Writer 3:6 :  : Node : DB Writer : 3:6 : Execute failed: Error while adding rows #-1000 - #0, reason: El nombre de columna 'sofifa_id' no es válido.
java.sql.SQLException: Error while adding rows #-1000 - #0, reason: El nombre de columna 'sofifa_id' no es válido.
	at org.knime.database.agent.writer.impl.DefaultDatabaseWriterExecutor.handleErrors(DefaultDatabaseWriterExecutor.java:473)
	at org.knime.database.agent.writer.impl.DefaultDatabaseWriterExecutor.executeInBatchMode(DefaultDatabaseWriterExecutor.java:262)
	at org.knime.database.agent.writer.impl.DefaultDatabaseWriterExecutor.execute(DefaultDatabaseWriterExecutor.java:99)
	at org.knime.database.agent.writer.impl.DefaultDBWriter.insert(DefaultDBWriter.java:224)
	at org.knime.database.node.io.insert.DBInsertNodeModel.executeWriter(DBInsertNodeModel.java:93)
	at org.knime.database.node.io.write.DBWriteNodeModel.executeWriter(DBWriteNodeModel.java:174)
	at org.knime.database.node.io.insert.DBInsertNodeModel.executeWriter(DBInsertNodeModel.java:1)
	at org.knime.database.node.io.DBManipulationNodeModel.executeStreamable(DBManipulationNodeModel.java:412)
	at org.knime.database.node.io.DBManipulationNodeModel.execute(DBManipulationNodeModel.java:346)
	at org.knime.core.node.NodeModel.executeModel(NodeModel.java:558)
	at org.knime.core.node.Node.invokeFullyNodeModelExecute(Node.java:1274)
	at org.knime.core.node.Node.execute(Node.java:1036)
	at org.knime.core.node.workflow.NativeNodeContainer.performExecuteNode(NativeNodeContainer.java:595)
	at org.knime.core.node.exec.LocalNodeExecutionJob.mainExecute(LocalNodeExecutionJob.java:98)
	at org.knime.core.node.workflow.NodeExecutionJob.internalRun(NodeExecutionJob.java:201)
	at org.knime.core.node.workflow.NodeExecutionJob.run(NodeExecutionJob.java:117)
	at org.knime.core.util.ThreadUtils$RunnableWithContextImpl.runWithContext(ThreadUtils.java:367)
	at org.knime.core.util.ThreadUtils$RunnableWithContext.run(ThreadUtils.java:221)
	at java.base/java.util.concurrent.Executors$RunnableAdapter.call(Unknown Source)
	at java.base/java.util.concurrent.FutureTask.run(Unknown Source)
	at org.knime.core.util.ThreadPool$MyFuture.run(ThreadPool.java:123)
	at org.knime.core.util.ThreadPool$Worker.run(ThreadPool.java:246)
Caused by: java.sql.BatchUpdateException: El nombre de columna 'sofifa_id' no es válido.
	at net.sourceforge.jtds.jdbc.JtdsStatement.executeBatch(JtdsStatement.java:1069)
	at org.knime.database.connection.wrappers.AbstractStatementWrapper.executeBatch(AbstractStatementWrapper.java:229)
	at org.knime.database.connection.wrappers.AbstractStatementWrapper.executeBatch(AbstractStatementWrapper.java:229)
	at org.knime.database.connection.wrappers.AbstractStatementWrapper.executeBatch(AbstractStatementWrapper.java:229)
	at org.knime.database.connection.impl.monitored.MonitoredPreparedStatement.executeBatch(MonitoredPreparedStatement.java:102)
	at org.knime.database.connection.wrappers.AbstractStatementWrapper.executeBatch(AbstractStatementWrapper.java:229)
	at org.knime.database.agent.writer.impl.DefaultDatabaseWriterExecutor.executeBatchAndSendStatuses(DefaultDatabaseWriterExecutor.java:321)
	at org.knime.database.agent.writer.impl.DefaultDatabaseWriterExecutor.executeInBatchMode(DefaultDatabaseWriterExecutor.java:243)
	... 20 more
2023-11-18 15:13:12,270 : ERROR : KNIME-Worker-5-DB Writer 3:6 :  : Node : DB Writer : 3:6 : Execute failed: Error while adding rows #-1000 - #0, reason: El nombre de columna 'sofifa_id' no es válido.
java.sql.SQLException: Error while adding rows #-1000 - #0, reason: El nombre de columna 'sofifa_id' no es válido.
	at org.knime.database.agent.writer.impl.DefaultDatabaseWriterExecutor.handleErrors(DefaultDatabaseWriterExecutor.java:473)
	at org.knime.database.agent.writer.impl.DefaultDatabaseWriterExecutor.executeInBatchMode(DefaultDatabaseWriterExecutor.java:262)
	at org.knime.database.agent.writer.impl.DefaultDatabaseWriterExecutor.execute(DefaultDatabaseWriterExecutor.java:99)
	at org.knime.database.agent.writer.impl.DefaultDBWriter.insert(DefaultDBWriter.java:224)
	at org.knime.database.node.io.insert.DBInsertNodeModel.executeWriter(DBInsertNodeModel.java:93)
	at org.knime.database.node.io.write.DBWriteNodeModel.executeWriter(DBWriteNodeModel.java:174)
	at org.knime.database.node.io.insert.DBInsertNodeModel.executeWriter(DBInsertNodeModel.java:1)
	at org.knime.database.node.io.DBManipulationNodeModel.executeStreamable(DBManipulationNodeModel.java:412)
	at org.knime.database.node.io.DBManipulationNodeModel.execute(DBManipulationNodeModel.java:346)
	at org.knime.core.node.NodeModel.executeModel(NodeModel.java:558)
	at org.knime.core.node.Node.invokeFullyNodeModelExecute(Node.java:1274)
	at org.knime.core.node.Node.execute(Node.java:1036)
	at org.knime.core.node.workflow.NativeNodeContainer.performExecuteNode(NativeNodeContainer.java:595)
	at org.knime.core.node.exec.LocalNodeExecutionJob.mainExecute(LocalNodeExecutionJob.java:98)
	at org.knime.core.node.workflow.NodeExecutionJob.internalRun(NodeExecutionJob.java:201)
	at org.knime.core.node.workflow.NodeExecutionJob.run(NodeExecutionJob.java:117)
	at org.knime.core.util.ThreadUtils$RunnableWithContextImpl.runWithContext(ThreadUtils.java:367)
	at org.knime.core.util.ThreadUtils$RunnableWithContext.run(ThreadUtils.java:221)
	at java.base/java.util.concurrent.Executors$RunnableAdapter.call(Unknown Source)
	at java.base/java.util.concurrent.FutureTask.run(Unknown Source)
	at org.knime.core.util.ThreadPool$MyFuture.run(ThreadPool.java:123)
	at org.knime.core.util.ThreadPool$Worker.run(ThreadPool.java:246)
Caused by: java.sql.BatchUpdateException: El nombre de columna 'sofifa_id' no es válido.
	at net.sourceforge.jtds.jdbc.JtdsStatement.executeBatch(JtdsStatement.java:1069)
	at org.knime.database.connection.wrappers.AbstractStatementWrapper.executeBatch(AbstractStatementWrapper.java:229)
	at org.knime.database.connection.wrappers.AbstractStatementWrapper.executeBatch(AbstractStatementWrapper.java:229)
	at org.knime.database.connection.wrappers.AbstractStatementWrapper.executeBatch(AbstractStatementWrapper.java:229)
	at org.knime.database.connection.impl.monitored.MonitoredPreparedStatement.executeBatch(MonitoredPreparedStatement.java:102)
	at org.knime.database.connection.wrappers.AbstractStatementWrapper.executeBatch(AbstractStatementWrapper.java:229)
	at org.knime.database.agent.writer.impl.DefaultDatabaseWriterExecutor.executeBatchAndSendStatuses(DefaultDatabaseWriterExecutor.java:321)
	at org.knime.database.agent.writer.impl.DefaultDatabaseWriterExecutor.executeInBatchMode(DefaultDatabaseWriterExecutor.java:243)
	... 20 more
2023-11-18 15:16:24,723 : ERROR : KNIME-Worker-6-DB Writer 3:6 :  : Node : DB Writer : 3:6 : Execute failed: Error while adding rows #-1000 - #0, reason: El nombre de columna 'sofifa_id' no es válido.
java.sql.SQLException: Error while adding rows #-1000 - #0, reason: El nombre de columna 'sofifa_id' no es válido.
	at org.knime.database.agent.writer.impl.DefaultDatabaseWriterExecutor.handleErrors(DefaultDatabaseWriterExecutor.java:473)
	at org.knime.database.agent.writer.impl.DefaultDatabaseWriterExecutor.executeInBatchMode(DefaultDatabaseWriterExecutor.java:262)
	at org.knime.database.agent.writer.impl.DefaultDatabaseWriterExecutor.execute(DefaultDatabaseWriterExecutor.java:99)
	at org.knime.database.agent.writer.impl.DefaultDBWriter.insert(DefaultDBWriter.java:224)
	at org.knime.database.node.io.insert.DBInsertNodeModel.executeWriter(DBInsertNodeModel.java:93)
	at org.knime.database.node.io.write.DBWriteNodeModel.executeWriter(DBWriteNodeModel.java:174)
	at org.knime.database.node.io.insert.DBInsertNodeModel.executeWriter(DBInsertNodeModel.java:1)
	at org.knime.database.node.io.DBManipulationNodeModel.executeStreamable(DBManipulationNodeModel.java:412)
	at org.knime.database.node.io.DBManipulationNodeModel.execute(DBManipulationNodeModel.java:346)
	at org.knime.core.node.NodeModel.executeModel(NodeModel.java:558)
	at org.knime.core.node.Node.invokeFullyNodeModelExecute(Node.java:1274)
	at org.knime.core.node.Node.execute(Node.java:1036)
	at org.knime.core.node.workflow.NativeNodeContainer.performExecuteNode(NativeNodeContainer.java:595)
	at org.knime.core.node.exec.LocalNodeExecutionJob.mainExecute(LocalNodeExecutionJob.java:98)
	at org.knime.core.node.workflow.NodeExecutionJob.internalRun(NodeExecutionJob.java:201)
	at org.knime.core.node.workflow.NodeExecutionJob.run(NodeExecutionJob.java:117)
	at org.knime.core.util.ThreadUtils$RunnableWithContextImpl.runWithContext(ThreadUtils.java:367)
	at org.knime.core.util.ThreadUtils$RunnableWithContext.run(ThreadUtils.java:221)
	at java.base/java.util.concurrent.Executors$RunnableAdapter.call(Unknown Source)
	at java.base/java.util.concurrent.FutureTask.run(Unknown Source)
	at org.knime.core.util.ThreadPool$MyFuture.run(ThreadPool.java:123)
	at org.knime.core.util.ThreadPool$Worker.run(ThreadPool.java:246)
Caused by: java.sql.BatchUpdateException: El nombre de columna 'sofifa_id' no es válido.
	at net.sourceforge.jtds.jdbc.JtdsStatement.executeBatch(JtdsStatement.java:1069)
	at org.knime.database.connection.wrappers.AbstractStatementWrapper.executeBatch(AbstractStatementWrapper.java:229)
	at org.knime.database.connection.wrappers.AbstractStatementWrapper.executeBatch(AbstractStatementWrapper.java:229)
	at org.knime.database.connection.wrappers.AbstractStatementWrapper.executeBatch(AbstractStatementWrapper.java:229)
	at org.knime.database.connection.impl.monitored.MonitoredPreparedStatement.executeBatch(MonitoredPreparedStatement.java:102)
	at org.knime.database.connection.wrappers.AbstractStatementWrapper.executeBatch(AbstractStatementWrapper.java:229)
	at org.knime.database.agent.writer.impl.DefaultDatabaseWriterExecutor.executeBatchAndSendStatuses(DefaultDatabaseWriterExecutor.java:321)
	at org.knime.database.agent.writer.impl.DefaultDatabaseWriterExecutor.executeInBatchMode(DefaultDatabaseWriterExecutor.java:243)
	... 20 more
2023-11-18 15:19:44,264 : ERROR : KNIME-Worker-8-DB Writer 3:6 :  : Node : DB Writer : 3:6 : Execute failed: Error while adding rows #-1000 - #0, reason: El nombre de columna 'sofifa_id' no es válido.
java.sql.SQLException: Error while adding rows #-1000 - #0, reason: El nombre de columna 'sofifa_id' no es válido.
	at org.knime.database.agent.writer.impl.DefaultDatabaseWriterExecutor.handleErrors(DefaultDatabaseWriterExecutor.java:473)
	at org.knime.database.agent.writer.impl.DefaultDatabaseWriterExecutor.executeInBatchMode(DefaultDatabaseWriterExecutor.java:262)
	at org.knime.database.agent.writer.impl.DefaultDatabaseWriterExecutor.execute(DefaultDatabaseWriterExecutor.java:99)
	at org.knime.database.agent.writer.impl.DefaultDBWriter.insert(DefaultDBWriter.java:224)
	at org.knime.database.node.io.insert.DBInsertNodeModel.executeWriter(DBInsertNodeModel.java:93)
	at org.knime.database.node.io.write.DBWriteNodeModel.executeWriter(DBWriteNodeModel.java:174)
	at org.knime.database.node.io.insert.DBInsertNodeModel.executeWriter(DBInsertNodeModel.java:1)
	at org.knime.database.node.io.DBManipulationNodeModel.executeStreamable(DBManipulationNodeModel.java:412)
	at org.knime.database.node.io.DBManipulationNodeModel.execute(DBManipulationNodeModel.java:346)
	at org.knime.core.node.NodeModel.executeModel(NodeModel.java:558)
	at org.knime.core.node.Node.invokeFullyNodeModelExecute(Node.java:1274)
	at org.knime.core.node.Node.execute(Node.java:1036)
	at org.knime.core.node.workflow.NativeNodeContainer.performExecuteNode(NativeNodeContainer.java:595)
	at org.knime.core.node.exec.LocalNodeExecutionJob.mainExecute(LocalNodeExecutionJob.java:98)
	at org.knime.core.node.workflow.NodeExecutionJob.internalRun(NodeExecutionJob.java:201)
	at org.knime.core.node.workflow.NodeExecutionJob.run(NodeExecutionJob.java:117)
	at org.knime.core.util.ThreadUtils$RunnableWithContextImpl.runWithContext(ThreadUtils.java:367)
	at org.knime.core.util.ThreadUtils$RunnableWithContext.run(ThreadUtils.java:221)
	at java.base/java.util.concurrent.Executors$RunnableAdapter.call(Unknown Source)
	at java.base/java.util.concurrent.FutureTask.run(Unknown Source)
	at org.knime.core.util.ThreadPool$MyFuture.run(ThreadPool.java:123)
	at org.knime.core.util.ThreadPool$Worker.run(ThreadPool.java:246)
Caused by: java.sql.BatchUpdateException: El nombre de columna 'sofifa_id' no es válido.
	at net.sourceforge.jtds.jdbc.JtdsStatement.executeBatch(JtdsStatement.java:1069)
	at org.knime.database.connection.wrappers.AbstractStatementWrapper.executeBatch(AbstractStatementWrapper.java:229)
	at org.knime.database.connection.wrappers.AbstractStatementWrapper.executeBatch(AbstractStatementWrapper.java:229)
	at org.knime.database.connection.wrappers.AbstractStatementWrapper.executeBatch(AbstractStatementWrapper.java:229)
	at org.knime.database.connection.impl.monitored.MonitoredPreparedStatement.executeBatch(MonitoredPreparedStatement.java:102)
	at org.knime.database.connection.wrappers.AbstractStatementWrapper.executeBatch(AbstractStatementWrapper.java:229)
	at org.knime.database.agent.writer.impl.DefaultDatabaseWriterExecutor.executeBatchAndSendStatuses(DefaultDatabaseWriterExecutor.java:321)
	at org.knime.database.agent.writer.impl.DefaultDatabaseWriterExecutor.executeInBatchMode(DefaultDatabaseWriterExecutor.java:243)
	... 20 more
2023-11-18 15:20:01,078 : ERROR : KNIME-Worker-7-DB Writer 3:6 :  : Node : DB Writer : 3:6 : Execute failed: Error while adding rows #-1000 - #0, reason: El nombre de columna 'sofifa_id' no es válido.
java.sql.SQLException: Error while adding rows #-1000 - #0, reason: El nombre de columna 'sofifa_id' no es válido.
	at org.knime.database.agent.writer.impl.DefaultDatabaseWriterExecutor.handleErrors(DefaultDatabaseWriterExecutor.java:473)
	at org.knime.database.agent.writer.impl.DefaultDatabaseWriterExecutor.executeInBatchMode(DefaultDatabaseWriterExecutor.java:262)
	at org.knime.database.agent.writer.impl.DefaultDatabaseWriterExecutor.execute(DefaultDatabaseWriterExecutor.java:99)
	at org.knime.database.agent.writer.impl.DefaultDBWriter.insert(DefaultDBWriter.java:224)
	at org.knime.database.node.io.insert.DBInsertNodeModel.executeWriter(DBInsertNodeModel.java:93)
	at org.knime.database.node.io.write.DBWriteNodeModel.executeWriter(DBWriteNodeModel.java:174)
	at org.knime.database.node.io.insert.DBInsertNodeModel.executeWriter(DBInsertNodeModel.java:1)
	at org.knime.database.node.io.DBManipulationNodeModel.executeStreamable(DBManipulationNodeModel.java:412)
	at org.knime.database.node.io.DBManipulationNodeModel.execute(DBManipulationNodeModel.java:346)
	at org.knime.core.node.NodeModel.executeModel(NodeModel.java:558)
	at org.knime.core.node.Node.invokeFullyNodeModelExecute(Node.java:1274)
	at org.knime.core.node.Node.execute(Node.java:1036)
	at org.knime.core.node.workflow.NativeNodeContainer.performExecuteNode(NativeNodeContainer.java:595)
	at org.knime.core.node.exec.LocalNodeExecutionJob.mainExecute(LocalNodeExecutionJob.java:98)
	at org.knime.core.node.workflow.NodeExecutionJob.internalRun(NodeExecutionJob.java:201)
	at org.knime.core.node.workflow.NodeExecutionJob.run(NodeExecutionJob.java:117)
	at org.knime.core.util.ThreadUtils$RunnableWithContextImpl.runWithContext(ThreadUtils.java:367)
	at org.knime.core.util.ThreadUtils$RunnableWithContext.run(ThreadUtils.java:221)
	at java.base/java.util.concurrent.Executors$RunnableAdapter.call(Unknown Source)
	at java.base/java.util.concurrent.FutureTask.run(Unknown Source)
	at org.knime.core.util.ThreadPool$MyFuture.run(ThreadPool.java:123)
	at org.knime.core.util.ThreadPool$Worker.run(ThreadPool.java:246)
Caused by: java.sql.BatchUpdateException: El nombre de columna 'sofifa_id' no es válido.
	at net.sourceforge.jtds.jdbc.JtdsStatement.executeBatch(JtdsStatement.java:1069)
	at org.knime.database.connection.wrappers.AbstractStatementWrapper.executeBatch(AbstractStatementWrapper.java:229)
	at org.knime.database.connection.wrappers.AbstractStatementWrapper.executeBatch(AbstractStatementWrapper.java:229)
	at org.knime.database.connection.wrappers.AbstractStatementWrapper.executeBatch(AbstractStatementWrapper.java:229)
	at org.knime.database.connection.impl.monitored.MonitoredPreparedStatement.executeBatch(MonitoredPreparedStatement.java:102)
	at org.knime.database.connection.wrappers.AbstractStatementWrapper.executeBatch(AbstractStatementWrapper.java:229)
	at org.knime.database.agent.writer.impl.DefaultDatabaseWriterExecutor.executeBatchAndSendStatuses(DefaultDatabaseWriterExecutor.java:321)
	at org.knime.database.agent.writer.impl.DefaultDatabaseWriterExecutor.executeInBatchMode(DefaultDatabaseWriterExecutor.java:243)
	... 20 more
2023-11-18 15:20:15,940 : ERROR : KNIME-Worker-9-DB Writer 3:6 :  : Node : DB Writer : 3:6 : Execute failed: Error while adding rows #-1000 - #0, reason: El nombre de columna 'sofifa_id' no es válido.
java.sql.SQLException: Error while adding rows #-1000 - #0, reason: El nombre de columna 'sofifa_id' no es válido.
	at org.knime.database.agent.writer.impl.DefaultDatabaseWriterExecutor.handleErrors(DefaultDatabaseWriterExecutor.java:473)
	at org.knime.database.agent.writer.impl.DefaultDatabaseWriterExecutor.executeInBatchMode(DefaultDatabaseWriterExecutor.java:262)
	at org.knime.database.agent.writer.impl.DefaultDatabaseWriterExecutor.execute(DefaultDatabaseWriterExecutor.java:99)
	at org.knime.database.agent.writer.impl.DefaultDBWriter.insert(DefaultDBWriter.java:224)
	at org.knime.database.node.io.insert.DBInsertNodeModel.executeWriter(DBInsertNodeModel.java:93)
	at org.knime.database.node.io.write.DBWriteNodeModel.executeWriter(DBWriteNodeModel.java:174)
	at org.knime.database.node.io.insert.DBInsertNodeModel.executeWriter(DBInsertNodeModel.java:1)
	at org.knime.database.node.io.DBManipulationNodeModel.executeStreamable(DBManipulationNodeModel.java:412)
	at org.knime.database.node.io.DBManipulationNodeModel.execute(DBManipulationNodeModel.java:346)
	at org.knime.core.node.NodeModel.executeModel(NodeModel.java:558)
	at org.knime.core.node.Node.invokeFullyNodeModelExecute(Node.java:1274)
	at org.knime.core.node.Node.execute(Node.java:1036)
	at org.knime.core.node.workflow.NativeNodeContainer.performExecuteNode(NativeNodeContainer.java:595)
	at org.knime.core.node.exec.LocalNodeExecutionJob.mainExecute(LocalNodeExecutionJob.java:98)
	at org.knime.core.node.workflow.NodeExecutionJob.internalRun(NodeExecutionJob.java:201)
	at org.knime.core.node.workflow.NodeExecutionJob.run(NodeExecutionJob.java:117)
	at org.knime.core.util.ThreadUtils$RunnableWithContextImpl.runWithContext(ThreadUtils.java:367)
	at org.knime.core.util.ThreadUtils$RunnableWithContext.run(ThreadUtils.java:221)
	at java.base/java.util.concurrent.Executors$RunnableAdapter.call(Unknown Source)
	at java.base/java.util.concurrent.FutureTask.run(Unknown Source)
	at org.knime.core.util.ThreadPool$MyFuture.run(ThreadPool.java:123)
	at org.knime.core.util.ThreadPool$Worker.run(ThreadPool.java:246)
Caused by: java.sql.BatchUpdateException: El nombre de columna 'sofifa_id' no es válido.
	at net.sourceforge.jtds.jdbc.JtdsStatement.executeBatch(JtdsStatement.java:1069)
	at org.knime.database.connection.wrappers.AbstractStatementWrapper.executeBatch(AbstractStatementWrapper.java:229)
	at org.knime.database.connection.wrappers.AbstractStatementWrapper.executeBatch(AbstractStatementWrapper.java:229)
	at org.knime.database.connection.wrappers.AbstractStatementWrapper.executeBatch(AbstractStatementWrapper.java:229)
	at org.knime.database.connection.impl.monitored.MonitoredPreparedStatement.executeBatch(MonitoredPreparedStatement.java:102)
	at org.knime.database.connection.wrappers.AbstractStatementWrapper.executeBatch(AbstractStatementWrapper.java:229)
	at org.knime.database.agent.writer.impl.DefaultDatabaseWriterExecutor.executeBatchAndSendStatuses(DefaultDatabaseWriterExecutor.java:321)
	at org.knime.database.agent.writer.impl.DefaultDatabaseWriterExecutor.executeInBatchMode(DefaultDatabaseWriterExecutor.java:243)
	... 20 more
2023-11-18 15:21:02,612 : ERROR : KNIME-Worker-8-DB Writer 3:6 :  : Node : DB Writer : 3:6 : Execute failed: Error while adding rows #-1000 - #0, reason: El nombre de columna 'sofifa_id' no es válido.
java.sql.SQLException: Error while adding rows #-1000 - #0, reason: El nombre de columna 'sofifa_id' no es válido.
	at org.knime.database.agent.writer.impl.DefaultDatabaseWriterExecutor.handleErrors(DefaultDatabaseWriterExecutor.java:473)
	at org.knime.database.agent.writer.impl.DefaultDatabaseWriterExecutor.executeInBatchMode(DefaultDatabaseWriterExecutor.java:262)
	at org.knime.database.agent.writer.impl.DefaultDatabaseWriterExecutor.execute(DefaultDatabaseWriterExecutor.java:99)
	at org.knime.database.agent.writer.impl.DefaultDBWriter.insert(DefaultDBWriter.java:224)
	at org.knime.database.node.io.insert.DBInsertNodeModel.executeWriter(DBInsertNodeModel.java:93)
	at org.knime.database.node.io.write.DBWriteNodeModel.executeWriter(DBWriteNodeModel.java:174)
	at org.knime.database.node.io.insert.DBInsertNodeModel.executeWriter(DBInsertNodeModel.java:1)
	at org.knime.database.node.io.DBManipulationNodeModel.executeStreamable(DBManipulationNodeModel.java:412)
	at org.knime.database.node.io.DBManipulationNodeModel.execute(DBManipulationNodeModel.java:346)
	at org.knime.core.node.NodeModel.executeModel(NodeModel.java:558)
	at org.knime.core.node.Node.invokeFullyNodeModelExecute(Node.java:1274)
	at org.knime.core.node.Node.execute(Node.java:1036)
	at org.knime.core.node.workflow.NativeNodeContainer.performExecuteNode(NativeNodeContainer.java:595)
	at org.knime.core.node.exec.LocalNodeExecutionJob.mainExecute(LocalNodeExecutionJob.java:98)
	at org.knime.core.node.workflow.NodeExecutionJob.internalRun(NodeExecutionJob.java:201)
	at org.knime.core.node.workflow.NodeExecutionJob.run(NodeExecutionJob.java:117)
	at org.knime.core.util.ThreadUtils$RunnableWithContextImpl.runWithContext(ThreadUtils.java:367)
	at org.knime.core.util.ThreadUtils$RunnableWithContext.run(ThreadUtils.java:221)
	at java.base/java.util.concurrent.Executors$RunnableAdapter.call(Unknown Source)
	at java.base/java.util.concurrent.FutureTask.run(Unknown Source)
	at org.knime.core.util.ThreadPool$MyFuture.run(ThreadPool.java:123)
	at org.knime.core.util.ThreadPool$Worker.run(ThreadPool.java:246)
Caused by: java.sql.BatchUpdateException: El nombre de columna 'sofifa_id' no es válido.
	at net.sourceforge.jtds.jdbc.JtdsStatement.executeBatch(JtdsStatement.java:1069)
	at org.knime.database.connection.wrappers.AbstractStatementWrapper.executeBatch(AbstractStatementWrapper.java:229)
	at org.knime.database.connection.wrappers.AbstractStatementWrapper.executeBatch(AbstractStatementWrapper.java:229)
	at org.knime.database.connection.wrappers.AbstractStatementWrapper.executeBatch(AbstractStatementWrapper.java:229)
	at org.knime.database.connection.impl.monitored.MonitoredPreparedStatement.executeBatch(MonitoredPreparedStatement.java:102)
	at org.knime.database.connection.wrappers.AbstractStatementWrapper.executeBatch(AbstractStatementWrapper.java:229)
	at org.knime.database.agent.writer.impl.DefaultDatabaseWriterExecutor.executeBatchAndSendStatuses(DefaultDatabaseWriterExecutor.java:321)
	at org.knime.database.agent.writer.impl.DefaultDatabaseWriterExecutor.executeInBatchMode(DefaultDatabaseWriterExecutor.java:243)
	... 20 more
2023-11-18 15:23:43,684 : ERROR : KNIME-Worker-10-DB Writer 3:6 :  : Node : DB Writer : 3:6 : Execute failed: Error while adding rows #-1000 - #0, reason: El nombre de columna 'sofifa_id' no es válido.
java.sql.SQLException: Error while adding rows #-1000 - #0, reason: El nombre de columna 'sofifa_id' no es válido.
	at org.knime.database.agent.writer.impl.DefaultDatabaseWriterExecutor.handleErrors(DefaultDatabaseWriterExecutor.java:473)
	at org.knime.database.agent.writer.impl.DefaultDatabaseWriterExecutor.executeInBatchMode(DefaultDatabaseWriterExecutor.java:262)
	at org.knime.database.agent.writer.impl.DefaultDatabaseWriterExecutor.execute(DefaultDatabaseWriterExecutor.java:99)
	at org.knime.database.agent.writer.impl.DefaultDBWriter.insert(DefaultDBWriter.java:224)
	at org.knime.database.node.io.insert.DBInsertNodeModel.executeWriter(DBInsertNodeModel.java:93)
	at org.knime.database.node.io.write.DBWriteNodeModel.executeWriter(DBWriteNodeModel.java:174)
	at org.knime.database.node.io.insert.DBInsertNodeModel.executeWriter(DBInsertNodeModel.java:1)
	at org.knime.database.node.io.DBManipulationNodeModel.executeStreamable(DBManipulationNodeModel.java:412)
	at org.knime.database.node.io.DBManipulationNodeModel.execute(DBManipulationNodeModel.java:346)
	at org.knime.core.node.NodeModel.executeModel(NodeModel.java:558)
	at org.knime.core.node.Node.invokeFullyNodeModelExecute(Node.java:1274)
	at org.knime.core.node.Node.execute(Node.java:1036)
	at org.knime.core.node.workflow.NativeNodeContainer.performExecuteNode(NativeNodeContainer.java:595)
	at org.knime.core.node.exec.LocalNodeExecutionJob.mainExecute(LocalNodeExecutionJob.java:98)
	at org.knime.core.node.workflow.NodeExecutionJob.internalRun(NodeExecutionJob.java:201)
	at org.knime.core.node.workflow.NodeExecutionJob.run(NodeExecutionJob.java:117)
	at org.knime.core.util.ThreadUtils$RunnableWithContextImpl.runWithContext(ThreadUtils.java:367)
	at org.knime.core.util.ThreadUtils$RunnableWithContext.run(ThreadUtils.java:221)
	at java.base/java.util.concurrent.Executors$RunnableAdapter.call(Unknown Source)
	at java.base/java.util.concurrent.FutureTask.run(Unknown Source)
	at org.knime.core.util.ThreadPool$MyFuture.run(ThreadPool.java:123)
	at org.knime.core.util.ThreadPool$Worker.run(ThreadPool.java:246)
Caused by: java.sql.BatchUpdateException: El nombre de columna 'sofifa_id' no es válido.
	at net.sourceforge.jtds.jdbc.JtdsStatement.executeBatch(JtdsStatement.java:1069)
	at org.knime.database.connection.wrappers.AbstractStatementWrapper.executeBatch(AbstractStatementWrapper.java:229)
	at org.knime.database.connection.wrappers.AbstractStatementWrapper.executeBatch(AbstractStatementWrapper.java:229)
	at org.knime.database.connection.wrappers.AbstractStatementWrapper.executeBatch(AbstractStatementWrapper.java:229)
	at org.knime.database.connection.impl.monitored.MonitoredPreparedStatement.executeBatch(MonitoredPreparedStatement.java:102)
	at org.knime.database.connection.wrappers.AbstractStatementWrapper.executeBatch(AbstractStatementWrapper.java:229)
	at org.knime.database.agent.writer.impl.DefaultDatabaseWriterExecutor.executeBatchAndSendStatuses(DefaultDatabaseWriterExecutor.java:321)
	at org.knime.database.agent.writer.impl.DefaultDatabaseWriterExecutor.executeInBatchMode(DefaultDatabaseWriterExecutor.java:243)
	... 20 more
2023-11-18 15:24:45,767 : WARN  : comm-pool-thread-9 :  : Node : Excel Writer : 3:7 : Please specify a file
2023-11-18 15:24:46,864 : ERROR : AWT-EventQueue-0 :  : ExcelTableWriterNodeDialog : Excel Writer : 3:7 : Could not get sheet names!
java.nio.file.AccessDeniedException: C:\Users\Saryf
	at java.base/sun.nio.fs.WindowsException.translateToIOException(Unknown Source)
	at java.base/sun.nio.fs.WindowsException.rethrowAsIOException(Unknown Source)
	at java.base/sun.nio.fs.WindowsException.rethrowAsIOException(Unknown Source)
	at java.base/sun.nio.fs.WindowsFileSystemProvider.newByteChannel(Unknown Source)
	at org.knime.filehandling.core.fs.local.fs.LocalFileSystemProvider.newByteChannel(LocalFileSystemProvider.java:148)
	at java.base/java.nio.file.Files.newByteChannel(Unknown Source)
	at java.base/java.nio.file.Files.newByteChannel(Unknown Source)
	at java.base/java.nio.file.spi.FileSystemProvider.newInputStream(Unknown Source)
	at java.base/java.nio.file.Files.newInputStream(Unknown Source)
	at org.knime.ext.poi3.node.io.filehandling.excel.writer.ExcelTableWriterNodeDialog$SheetUpdater.readXLSXSheets(ExcelTableWriterNodeDialog.java:525)
	at org.knime.ext.poi3.node.io.filehandling.excel.writer.ExcelTableWriterNodeDialog$SheetUpdater.doInBackgroundWithContext(ExcelTableWriterNodeDialog.java:516)
	at org.knime.ext.poi3.node.io.filehandling.excel.writer.ExcelTableWriterNodeDialog$SheetUpdater.doInBackgroundWithContext(ExcelTableWriterNodeDialog.java:1)
	at org.knime.core.util.SwingWorkerWithContext.doInBackground(SwingWorkerWithContext.java:106)
	at java.desktop/javax.swing.SwingWorker$1.call(Unknown Source)
	at java.base/java.util.concurrent.FutureTask.run(Unknown Source)
	at java.desktop/javax.swing.SwingWorker.run(Unknown Source)
	at java.base/java.util.concurrent.ThreadPoolExecutor.runWorker(Unknown Source)
	at java.base/java.util.concurrent.ThreadPoolExecutor$Worker.run(Unknown Source)
	at java.base/java.lang.Thread.run(Unknown Source)
2023-11-18 15:33:45,022 : ERROR : KNIME-Worker-16-Excel Writer 3:7 :  : Node : Excel Writer : 3:7 : Execute failed: D:\IIIC 2023\dataWarehouse\Salida_Final.xlsx: El proceso no tiene acceso al archivo porque está siendo utilizado por otro proceso
java.nio.file.FileSystemException: D:\IIIC 2023\dataWarehouse\Salida_Final.xlsx: El proceso no tiene acceso al archivo porque está siendo utilizado por otro proceso
	at java.base/sun.nio.fs.WindowsException.translateToIOException(Unknown Source)
	at java.base/sun.nio.fs.WindowsException.rethrowAsIOException(Unknown Source)
	at java.base/sun.nio.fs.WindowsException.rethrowAsIOException(Unknown Source)
	at java.base/sun.nio.fs.WindowsFileSystemProvider.newByteChannel(Unknown Source)
	at org.knime.filehandling.core.fs.local.fs.LocalFileSystemProvider.newByteChannel(LocalFileSystemProvider.java:148)
	at java.base/java.nio.file.spi.FileSystemProvider.newOutputStream(Unknown Source)
	at java.base/java.nio.file.Files.newOutputStream(Unknown Source)
	at org.knime.filehandling.core.connections.FSFiles.newOutputStream(FSFiles.java:139)
	at org.knime.ext.poi3.node.io.filehandling.excel.writer.table.WorkbookHandler.doSaveFile(WorkbookHandler.java:167)
	at org.knime.ext.poi3.node.io.filehandling.excel.writer.table.WorkbookHandler.saveFile(WorkbookHandler.java:150)
	at org.knime.ext.poi3.node.io.filehandling.excel.writer.table.ExcelMultiTableWriter.writeTables(ExcelMultiTableWriter.java:116)
	at org.knime.ext.poi3.node.io.filehandling.excel.writer.ExcelTableWriterNodeModel.write(ExcelTableWriterNodeModel.java:194)
	at org.knime.ext.poi3.node.io.filehandling.excel.writer.ExcelTableWriterNodeModel.execute(ExcelTableWriterNodeModel.java:159)
	at org.knime.core.node.NodeModel.executeModel(NodeModel.java:558)
	at org.knime.core.node.Node.invokeFullyNodeModelExecute(Node.java:1274)
	at org.knime.core.node.Node.execute(Node.java:1036)
	at org.knime.core.node.workflow.NativeNodeContainer.performExecuteNode(NativeNodeContainer.java:595)
	at org.knime.core.node.exec.LocalNodeExecutionJob.mainExecute(LocalNodeExecutionJob.java:98)
	at org.knime.core.node.workflow.NodeExecutionJob.internalRun(NodeExecutionJob.java:201)
	at org.knime.core.node.workflow.NodeExecutionJob.run(NodeExecutionJob.java:117)
	at org.knime.core.util.ThreadUtils$RunnableWithContextImpl.runWithContext(ThreadUtils.java:367)
	at org.knime.core.util.ThreadUtils$RunnableWithContext.run(ThreadUtils.java:221)
	at java.base/java.util.concurrent.Executors$RunnableAdapter.call(Unknown Source)
	at java.base/java.util.concurrent.FutureTask.run(Unknown Source)
	at org.knime.core.util.ThreadPool$MyFuture.run(ThreadPool.java:123)
	at org.knime.core.util.ThreadPool$Worker.run(ThreadPool.java:246)
2023-11-18 15:49:52,662 : WARN  : comm-pool-thread-15 :  : Node : Excel Reader : 4:1 : Please specify a file
2023-11-18 15:50:59,090 : WARN  : main :  : Node : Excel Reader : 4:1 : The node configuration changed and the table spec will be recalculated during execution.
2023-11-18 15:50:59,595 : WARN  : main :  : Node : Excel Reader : 4:1 : The node configuration changed and the table spec will be recalculated during execution.
2023-11-18 15:52:22,781 : WARN  : main :  : WrappedNodeDialog : DB Query : 4:2 : failed to apply settings: Database view place holder (#table#) must not be replaced.
org.knime.core.node.InvalidSettingsException: Database view place holder (#table#) must not be replaced.
	at org.knime.database.node.manipulation.query.DBSQLQueryNodeModel.validateSettingsInternal(DBSQLQueryNodeModel.java:130)
	at org.knime.database.node.DBNodeModel.validateSettings(DBNodeModel.java:184)
	at org.knime.core.node.Node.validateModelSettings(Node.java:696)
	at org.knime.core.node.workflow.NativeNodeContainer.performValidateSettings(NativeNodeContainer.java:1184)
	at org.knime.core.node.workflow.SingleNodeContainer.validateSettings(SingleNodeContainer.java:1000)
	at org.knime.core.node.workflow.WorkflowManager.loadNodeSettings(WorkflowManager.java:2177)
	at org.knime.core.node.workflow.NodeContainer.applySettingsFromDialog(NodeContainer.java:1141)
	at org.knime.core.ui.wrapper.NodeContainerWrapper.applySettingsFromDialog(NodeContainerWrapper.java:264)
	at org.knime.workbench.ui.wrapper.WrappedNodeDialog.callApplySettingsFromDialog(WrappedNodeDialog.java:672)
	at org.knime.workbench.ui.wrapper.WrappedNodeDialog.doApply(WrappedNodeDialog.java:644)
	at org.knime.workbench.ui.wrapper.WrappedNodeDialog$6.widgetSelected(WrappedNodeDialog.java:510)
	at org.eclipse.swt.widgets.TypedListener.handleEvent(TypedListener.java:252)
	at org.eclipse.swt.widgets.EventTable.sendEvent(EventTable.java:89)
	at org.eclipse.swt.widgets.Display.sendEvent(Display.java:4256)
	at org.eclipse.swt.widgets.Widget.sendEvent(Widget.java:1066)
	at org.eclipse.swt.widgets.Display.runDeferredEvents(Display.java:4054)
	at org.eclipse.swt.widgets.Display.readAndDispatch(Display.java:3642)
	at org.eclipse.jface.window.Window.runEventLoop(Window.java:823)
	at org.eclipse.jface.window.Window.open(Window.java:799)
	at org.knime.workbench.ui.wrapper.WrappedNodeDialog.open(WrappedNodeDialog.java:199)
	at org.knime.workbench.editor2.editparts.NodeContainerEditPart.openDialog(NodeContainerEditPart.java:957)
	at org.knime.workbench.editor2.editparts.NodeContainerEditPart.openNodeDialog(NodeContainerEditPart.java:864)
	at org.knime.ui.java.api.NodeAPI.openNodeDialog(NodeAPI.java:95)
	at jdk.internal.reflect.GeneratedMethodAccessor156.invoke(Unknown Source)
	at java.base/jdk.internal.reflect.DelegatingMethodAccessorImpl.invoke(Unknown Source)
	at java.base/java.lang.reflect.Method.invoke(Unknown Source)
	at org.knime.ui.java.api.DesktopAPI.lambda$0(DesktopAPI.java:128)
	at org.knime.ui.java.browser.KnimeBrowserFunction.function(KnimeBrowserFunction.java:80)
	at com.equo.chromium.swt.internal.Chromium$FunctionsResourceHandler.lambda$0(Chromium.java:362)
	at org.eclipse.swt.widgets.RunnableLock.run(RunnableLock.java:40)
	at org.eclipse.swt.widgets.Synchronizer.runAsyncMessages(Synchronizer.java:132)
	at org.eclipse.swt.widgets.Display.runAsyncMessages(Display.java:4029)
	at org.eclipse.swt.widgets.Display.readAndDispatch(Display.java:3645)
	at org.eclipse.e4.ui.internal.workbench.swt.PartRenderingEngine$5.run(PartRenderingEngine.java:1155)
	at org.eclipse.core.databinding.observable.Realm.runWithDefault(Realm.java:338)
	at org.eclipse.e4.ui.internal.workbench.swt.PartRenderingEngine.run(PartRenderingEngine.java:1046)
	at org.eclipse.e4.ui.internal.workbench.E4Workbench.createAndRunUI(E4Workbench.java:155)
	at org.eclipse.ui.internal.Workbench.lambda$3(Workbench.java:643)
	at org.eclipse.core.databinding.observable.Realm.runWithDefault(Realm.java:338)
	at org.eclipse.ui.internal.Workbench.createAndRunWorkbench(Workbench.java:550)
	at org.eclipse.ui.PlatformUI.createAndRunWorkbench(PlatformUI.java:171)
	at org.knime.product.rcp.KNIMEApplication.start(KNIMEApplication.java:193)
	at org.eclipse.equinox.internal.app.EclipseAppHandle.run(EclipseAppHandle.java:203)
	at org.eclipse.core.runtime.internal.adaptor.EclipseAppLauncher.runApplication(EclipseAppLauncher.java:136)
	at org.eclipse.core.runtime.internal.adaptor.EclipseAppLauncher.start(EclipseAppLauncher.java:104)
	at org.eclipse.core.runtime.adaptor.EclipseStarter.run(EclipseStarter.java:402)
	at org.eclipse.core.runtime.adaptor.EclipseStarter.run(EclipseStarter.java:255)
	at java.base/jdk.internal.reflect.NativeMethodAccessorImpl.invoke0(Native Method)
	at java.base/jdk.internal.reflect.NativeMethodAccessorImpl.invoke(Unknown Source)
	at java.base/jdk.internal.reflect.DelegatingMethodAccessorImpl.invoke(Unknown Source)
	at java.base/java.lang.reflect.Method.invoke(Unknown Source)
	at org.eclipse.equinox.launcher.Main.invokeFramework(Main.java:659)
	at org.eclipse.equinox.launcher.Main.basicRun(Main.java:596)
	at org.eclipse.equinox.launcher.Main.run(Main.java:1467)
2023-11-18 16:02:22,609 : WARN  : comm-pool-thread-21 :  : Node : Excel Reader : 4:1 : Please specify a file
2023-11-18 16:08:03,055 : WARN  : comm-pool-thread-22 :  : Node : CSV Reader : 4:1 : Please specify a file
2023-11-18 16:11:07,893 : WARN  : comm-pool-thread-24 :  : Node : CSV Reader : 4:1 : Please specify a file
2023-11-18 16:12:26,656 : WARN  : comm-pool-thread-26 :  : Node : Excel Reader : 4:1 : Please specify a file
2023-11-18 16:12:50,354 : WARN  : main :  : Node : Excel Reader : 4:1 : The node configuration changed and the table spec will be recalculated during execution.
2023-11-18 16:12:51,525 : WARN  : main :  : Node : Excel Reader : 4:1 : The node configuration changed and the table spec will be recalculated during execution.
2023-11-18 16:12:52,071 : WARN  : main :  : Node : Excel Reader : 4:1 : The node configuration changed and the table spec will be recalculated during execution.
2023-11-18 16:17:12,874 : WARN  : comm-pool-thread-27 :  : Node : Excel Reader : 4:3 : Please specify a file
2023-11-18 16:17:22,336 : WARN  : comm-pool-thread-27 :  : Node : Excel Writer : 4:3 : Please specify a file
2023-11-18 16:17:24,826 : ERROR : AWT-EventQueue-0 :  : ExcelTableWriterNodeDialog : Excel Writer : 4:3 : Could not get sheet names!
java.nio.file.AccessDeniedException: C:\Users\Saryf
	at java.base/sun.nio.fs.WindowsException.translateToIOException(Unknown Source)
	at java.base/sun.nio.fs.WindowsException.rethrowAsIOException(Unknown Source)
	at java.base/sun.nio.fs.WindowsException.rethrowAsIOException(Unknown Source)
	at java.base/sun.nio.fs.WindowsFileSystemProvider.newByteChannel(Unknown Source)
	at org.knime.filehandling.core.fs.local.fs.LocalFileSystemProvider.newByteChannel(LocalFileSystemProvider.java:148)
	at java.base/java.nio.file.Files.newByteChannel(Unknown Source)
	at java.base/java.nio.file.Files.newByteChannel(Unknown Source)
	at java.base/java.nio.file.spi.FileSystemProvider.newInputStream(Unknown Source)
	at java.base/java.nio.file.Files.newInputStream(Unknown Source)
	at org.knime.ext.poi3.node.io.filehandling.excel.writer.ExcelTableWriterNodeDialog$SheetUpdater.readXLSXSheets(ExcelTableWriterNodeDialog.java:525)
	at org.knime.ext.poi3.node.io.filehandling.excel.writer.ExcelTableWriterNodeDialog$SheetUpdater.doInBackgroundWithContext(ExcelTableWriterNodeDialog.java:516)
	at org.knime.ext.poi3.node.io.filehandling.excel.writer.ExcelTableWriterNodeDialog$SheetUpdater.doInBackgroundWithContext(ExcelTableWriterNodeDialog.java:1)
	at org.knime.core.util.SwingWorkerWithContext.doInBackground(SwingWorkerWithContext.java:106)
	at java.desktop/javax.swing.SwingWorker$1.call(Unknown Source)
	at java.base/java.util.concurrent.FutureTask.run(Unknown Source)
	at java.desktop/javax.swing.SwingWorker.run(Unknown Source)
	at java.base/java.util.concurrent.ThreadPoolExecutor.runWorker(Unknown Source)
	at java.base/java.util.concurrent.ThreadPoolExecutor$Worker.run(Unknown Source)
	at java.base/java.lang.Thread.run(Unknown Source)
2023-11-18 16:19:10,744 : ERROR : KNIME-Worker-29-Excel Writer 4:3 :  : Node : Excel Writer : 4:3 : Execute failed: D:\IIIC 2023\dataWarehouse\Salida_Arreglada2.xlsx: El proceso no tiene acceso al archivo porque está siendo utilizado por otro proceso
java.nio.file.FileSystemException: D:\IIIC 2023\dataWarehouse\Salida_Arreglada2.xlsx: El proceso no tiene acceso al archivo porque está siendo utilizado por otro proceso
	at java.base/sun.nio.fs.WindowsException.translateToIOException(Unknown Source)
	at java.base/sun.nio.fs.WindowsException.rethrowAsIOException(Unknown Source)
	at java.base/sun.nio.fs.WindowsException.rethrowAsIOException(Unknown Source)
	at java.base/sun.nio.fs.WindowsFileSystemProvider.newByteChannel(Unknown Source)
	at org.knime.filehandling.core.fs.local.fs.LocalFileSystemProvider.newByteChannel(LocalFileSystemProvider.java:148)
	at java.base/java.nio.file.spi.FileSystemProvider.newOutputStream(Unknown Source)
	at java.base/java.nio.file.Files.newOutputStream(Unknown Source)
	at org.knime.filehandling.core.connections.FSFiles.newOutputStream(FSFiles.java:139)
	at org.knime.ext.poi3.node.io.filehandling.excel.writer.table.WorkbookHandler.doSaveFile(WorkbookHandler.java:167)
	at org.knime.ext.poi3.node.io.filehandling.excel.writer.table.WorkbookHandler.saveFile(WorkbookHandler.java:150)
	at org.knime.ext.poi3.node.io.filehandling.excel.writer.table.ExcelMultiTableWriter.writeTables(ExcelMultiTableWriter.java:116)
	at org.knime.ext.poi3.node.io.filehandling.excel.writer.ExcelTableWriterNodeModel.write(ExcelTableWriterNodeModel.java:194)
	at org.knime.ext.poi3.node.io.filehandling.excel.writer.ExcelTableWriterNodeModel.execute(ExcelTableWriterNodeModel.java:159)
	at org.knime.core.node.NodeModel.executeModel(NodeModel.java:558)
	at org.knime.core.node.Node.invokeFullyNodeModelExecute(Node.java:1274)
	at org.knime.core.node.Node.execute(Node.java:1036)
	at org.knime.core.node.workflow.NativeNodeContainer.performExecuteNode(NativeNodeContainer.java:595)
	at org.knime.core.node.exec.LocalNodeExecutionJob.mainExecute(LocalNodeExecutionJob.java:98)
	at org.knime.core.node.workflow.NodeExecutionJob.internalRun(NodeExecutionJob.java:201)
	at org.knime.core.node.workflow.NodeExecutionJob.run(NodeExecutionJob.java:117)
	at org.knime.core.util.ThreadUtils$RunnableWithContextImpl.runWithContext(ThreadUtils.java:367)
	at org.knime.core.util.ThreadUtils$RunnableWithContext.run(ThreadUtils.java:221)
	at java.base/java.util.concurrent.Executors$RunnableAdapter.call(Unknown Source)
	at java.base/java.util.concurrent.FutureTask.run(Unknown Source)
	at org.knime.core.util.ThreadPool$MyFuture.run(ThreadPool.java:123)
	at org.knime.core.util.ThreadPool$Worker.run(ThreadPool.java:246)
2023-11-18 16:22:52,176 : WARN  : main :  : Node : Missing Value : 4:2 : Errors loading flow variables into node : The factory D:\IIIC 2023\dataWarehouse is not a registered extension but is chosen in the settings.
2023-11-18 16:22:53,028 : WARN  : main :  : Node : Missing Value : 4:2 : Errors loading flow variables into node : The factory D:\IIIC 2023\dataWarehouse is not a registered extension but is chosen in the settings.
2023-11-18 16:23:12,091 : WARN  : main :  : Node : Missing Value : 4:2 : Errors loading flow variables into node : The factory D:\IIIC 2023\dataWarehouse is not a registered extension but is chosen in the settings.
2023-11-18 16:23:12,631 : WARN  : main :  : Node : Missing Value : 4:2 : Errors loading flow variables into node : The factory D:\IIIC 2023\dataWarehouse is not a registered extension but is chosen in the settings.
2023-11-18 16:24:11,431 : WARN  : KNIME-Worker-32-Missing Value 4:2 :  : Node : Missing Value : 4:2 : The current settings use missing value handling methods that cannot be represented in PMML 4.2.
2023-11-18 16:24:38,008 : WARN  : KNIME-Worker-34-Missing Value 4:2 :  : Node : Missing Value : 4:2 : The current settings use missing value handling methods that cannot be represented in PMML 4.2.
